$VAR1 = {
          'Spirit weed potion (unf)' => {
                                          'ts' => [
                                                    '2024-03-27T00:00:00',
                                                    '2024-03-26T00:00:00',
                                                    '2024-03-25T00:00:00',
                                                    '2024-03-24T00:00:00',
                                                    '2024-03-23T00:00:00',
                                                    '2024-03-22T00:00:00',
                                                    '2024-03-21T00:00:00',
                                                    '2024-03-20T00:00:00',
                                                    '2024-03-19T00:00:00',
                                                    '2024-03-18T00:00:00'
                                                  ],
                                          'daily' => [
                                                       7481,
                                                       7481,
                                                       7481,
                                                       7481,
                                                       7481,
                                                       7481,
                                                       7481,
                                                       7683,
                                                       7683,
                                                       7683
                                                     ],
                                          'volume' => [
                                                        46890,
                                                        115429,
                                                        84932,
                                                        77972,
                                                        177138,
                                                        143753,
                                                        47955,
                                                        162477,
                                                        157560,
                                                        150735
                                                      ],
                                          'vts' => [
                                                     '2024-03-27T03:29:51',
                                                     '2024-03-26T08:59:33',
                                                     '2024-03-25T05:56:57',
                                                     '2024-03-24T10:32:12',
                                                     '2024-03-23T17:21:51',
                                                     '2024-03-22T18:29:50',
                                                     '2024-03-21T03:36:40',
                                                     '2024-03-20T21:14:18',
                                                     '2024-03-19T16:28:09',
                                                     '2024-03-18T04:34:41'
                                                   ],
                                          'id' => 12181,
                                          'members' => 'true',
                                          'average' => [
                                                         7717,
                                                         7733,
                                                         7749,
                                                         7765,
                                                         7781,
                                                         7805,
                                                         7829,
                                                         7853,
                                                         7870,
                                                         7898
                                                       ]
                                        },
          'Light animica' => {
                               'average' => [
                                              4933,
                                              4927,
                                              4917,
                                              4902,
                                              4887,
                                              4868,
                                              4844,
                                              4825,
                                              4806,
                                              4796
                                            ],
                               'id' => 44830,
                               'members' => 'true',
                               'vts' => [
                                          '2024-03-27T03:29:51',
                                          '2024-03-26T08:59:33',
                                          '2024-03-25T05:56:57',
                                          '2024-03-24T10:32:12',
                                          '2024-03-23T17:21:51',
                                          '2024-03-22T18:29:50',
                                          '2024-03-21T03:36:40',
                                          '2024-03-20T21:14:18',
                                          '2024-03-19T16:28:09',
                                          '2024-03-18T04:34:41'
                                        ],
                               'ts' => [
                                         '2024-03-27T00:00:00',
                                         '2024-03-26T00:00:00',
                                         '2024-03-25T00:00:00',
                                         '2024-03-24T00:00:00',
                                         '2024-03-23T00:00:00',
                                         '2024-03-22T00:00:00',
                                         '2024-03-21T00:00:00',
                                         '2024-03-20T00:00:00',
                                         '2024-03-19T00:00:00',
                                         '2024-03-18T00:00:00'
                                       ],
                               'volume' => [
                                             349875,
                                             539655,
                                             587035,
                                             297248,
                                             444787,
                                             637339,
                                             198087,
                                             1073326,
                                             853424,
                                             440577
                                           ],
                               'daily' => [
                                            4875,
                                            4875,
                                            5047,
                                            5047,
                                            5047,
                                            5193,
                                            5193,
                                            5193,
                                            5171,
                                            5171
                                          ]
                             },
          'Weapon poison++ (4)' => {
                                     'average' => [
                                                    35544,
                                                    35526,
                                                    35508,
                                                    35490,
                                                    35468,
                                                    35446,
                                                    35463,
                                                    35479,
                                                    35495,
                                                    35512
                                                  ],
                                     'members' => 'true',
                                     'id' => 25501,
                                     'vts' => [
                                                '2024-03-27T03:29:51',
                                                '2024-03-26T08:59:33',
                                                '2024-03-25T05:56:57',
                                                '2024-03-24T10:32:12',
                                                '2024-03-23T17:21:51',
                                                '2024-03-22T18:29:50',
                                                '2024-03-21T03:36:40',
                                                '2024-03-20T21:14:18',
                                                '2024-03-19T16:28:09',
                                                '2024-03-18T04:34:41'
                                              ],
                                     'daily' => [
                                                  36840,
                                                  36840,
                                                  36840,
                                                  36840,
                                                  36840,
                                                  35703,
                                                  35703,
                                                  35703,
                                                  35703,
                                                  35703
                                                ],
                                     'volume' => [
                                                   4443,
                                                   3712,
                                                   2187,
                                                   3259,
                                                   5416,
                                                   15678,
                                                   3421,
                                                   11117,
                                                   12007,
                                                   8448
                                                 ],
                                     'ts' => [
                                               '2024-03-27T00:00:00',
                                               '2024-03-26T00:00:00',
                                               '2024-03-25T00:00:00',
                                               '2024-03-24T00:00:00',
                                               '2024-03-23T00:00:00',
                                               '2024-03-22T00:00:00',
                                               '2024-03-21T00:00:00',
                                               '2024-03-20T00:00:00',
                                               '2024-03-19T00:00:00',
                                               '2024-03-18T00:00:00'
                                             ]
                                   },
          'Aggression potion (3)' => {
                                       'ts' => [
                                                 '2024-03-27T00:00:00',
                                                 '2024-03-26T00:00:00',
                                                 '2024-03-25T00:00:00',
                                                 '2024-03-24T00:00:00',
                                                 '2024-03-23T00:00:00',
                                                 '2024-03-22T00:00:00',
                                                 '2024-03-21T00:00:00',
                                                 '2024-03-20T00:00:00',
                                                 '2024-03-19T00:00:00',
                                                 '2024-03-18T00:00:00'
                                               ],
                                       'daily' => [
                                                    64346,
                                                    64346,
                                                    64346,
                                                    66358,
                                                    66358,
                                                    66358,
                                                    66358,
                                                    66358,
                                                    66358,
                                                    66358
                                                  ],
                                       'volume' => [
                                                     8186,
                                                     13087,
                                                     11538,
                                                     13668,
                                                     18119,
                                                     26664,
                                                     4304,
                                                     11300,
                                                     14989,
                                                     15893
                                                   ],
                                       'vts' => [
                                                  '2024-03-27T03:29:51',
                                                  '2024-03-26T08:59:33',
                                                  '2024-03-25T05:56:57',
                                                  '2024-03-24T10:32:12',
                                                  '2024-03-23T17:21:51',
                                                  '2024-03-22T18:29:50',
                                                  '2024-03-21T03:36:40',
                                                  '2024-03-20T21:14:18',
                                                  '2024-03-19T16:28:09',
                                                  '2024-03-18T04:34:41'
                                                ],
                                       'average' => [
                                                      65418,
                                                      65380,
                                                      65341,
                                                      65263,
                                                      65117,
                                                      64971,
                                                      64825,
                                                      64680,
                                                      64534,
                                                      64413
                                                    ],
                                       'id' => 37969,
                                       'members' => 'true'
                                     },
          'Searing ashes' => {
                               'id' => 34159,
                               'members' => 'true',
                               'average' => [
                                              60338,
                                              60323,
                                              60274,
                                              60258,
                                              60242,
                                              60141,
                                              60052,
                                              59912,
                                              59801,
                                              59651
                                            ],
                               'vts' => [
                                          '2024-03-27T03:29:51',
                                          '2024-03-26T08:59:33',
                                          '2024-03-25T05:56:57',
                                          '2024-03-24T10:32:12',
                                          '2024-03-23T17:21:51',
                                          '2024-03-22T18:29:50',
                                          '2024-03-21T03:36:40',
                                          '2024-03-20T21:14:18',
                                          '2024-03-19T16:28:09',
                                          '2024-03-18T04:34:41'
                                        ],
                               'ts' => [
                                         '2024-03-27T00:00:00',
                                         '2024-03-26T00:00:00',
                                         '2024-03-25T00:00:00',
                                         '2024-03-24T00:00:00',
                                         '2024-03-23T00:00:00',
                                         '2024-03-22T00:00:00',
                                         '2024-03-21T00:00:00',
                                         '2024-03-20T00:00:00',
                                         '2024-03-19T00:00:00',
                                         '2024-03-18T00:00:00'
                                       ],
                               'daily' => [
                                            57961,
                                            57961,
                                            56290,
                                            56290,
                                            57333,
                                            57333,
                                            58849,
                                            58849,
                                            60471,
                                            60471
                                          ],
                               'volume' => [
                                             33155,
                                             74205,
                                             86493,
                                             64289,
                                             77676,
                                             135186,
                                             34940,
                                             74973,
                                             80837,
                                             89696
                                           ]
                             },
          'Dark animica' => {
                              'members' => 'true',
                              'id' => 44832,
                              'average' => [
                                             4642,
                                             4652,
                                             4661,
                                             4673,
                                             4685,
                                             4696,
                                             4711,
                                             4729,
                                             4746,
                                             4768
                                           ],
                              'vts' => [
                                         '2024-03-27T03:29:51',
                                         '2024-03-26T08:59:33',
                                         '2024-03-25T05:56:57',
                                         '2024-03-24T10:32:12',
                                         '2024-03-23T17:21:51',
                                         '2024-03-22T18:29:50',
                                         '2024-03-21T03:36:40',
                                         '2024-03-20T21:14:18',
                                         '2024-03-19T16:28:09',
                                         '2024-03-18T04:34:41'
                                       ],
                              'volume' => [
                                            409021,
                                            631449,
                                            509529,
                                            298174,
                                            398829,
                                            834697,
                                            323280,
                                            512918,
                                            677791,
                                            815645
                                          ],
                              'daily' => [
                                           4698,
                                           4698,
                                           4782,
                                           4782,
                                           4782,
                                           4782,
                                           4716,
                                           4716,
                                           4716,
                                           4716
                                         ],
                              'ts' => [
                                        '2024-03-27T00:00:00',
                                        '2024-03-26T00:00:00',
                                        '2024-03-25T00:00:00',
                                        '2024-03-24T00:00:00',
                                        '2024-03-23T00:00:00',
                                        '2024-03-22T00:00:00',
                                        '2024-03-21T00:00:00',
                                        '2024-03-20T00:00:00',
                                        '2024-03-19T00:00:00',
                                        '2024-03-18T00:00:00'
                                      ]
                            },
          'Ground miasma rune' => {
                                    'volume' => [
                                                  27655,
                                                  82497,
                                                  208256,
                                                  87302,
                                                  113469,
                                                  132408,
                                                  29896,
                                                  70478,
                                                  36151,
                                                  88480
                                                ],
                                    'daily' => [
                                                 1484,
                                                 1484,
                                                 1484,
                                                 1484,
                                                 1484,
                                                 1484,
                                                 1484,
                                                 1484,
                                                 1421,
                                                 1421
                                               ],
                                    'ts' => [
                                              '2024-03-27T00:00:00',
                                              '2024-03-26T00:00:00',
                                              '2024-03-25T00:00:00',
                                              '2024-03-24T00:00:00',
                                              '2024-03-23T00:00:00',
                                              '2024-03-22T00:00:00',
                                              '2024-03-21T00:00:00',
                                              '2024-03-20T00:00:00',
                                              '2024-03-19T00:00:00',
                                              '2024-03-18T00:00:00'
                                            ],
                                    'members' => 'true',
                                    'id' => 55697,
                                    'average' => [
                                                   1457,
                                                   1458,
                                                   1460,
                                                   1461,
                                                   1463,
                                                   1466,
                                                   1470,
                                                   1473,
                                                   1477,
                                                   1484
                                                 ],
                                    'vts' => [
                                               '2024-03-27T03:29:51',
                                               '2024-03-26T08:59:33',
                                               '2024-03-25T05:56:57',
                                               '2024-03-24T10:32:12',
                                               '2024-03-23T17:21:51',
                                               '2024-03-22T18:29:50',
                                               '2024-03-21T03:36:40',
                                               '2024-03-20T21:14:18',
                                               '2024-03-19T16:28:09',
                                               '2024-03-18T04:34:41'
                                             ]
                                  },
          'Congealed blood' => {
                                 'members' => 'true',
                                 'id' => 37227,
                                 'average' => [
                                                2971,
                                                3000,
                                                3032,
                                                3063,
                                                3098,
                                                3137,
                                                3182,
                                                3229,
                                                3282,
                                                3344
                                              ],
                                 'vts' => [
                                            '2024-03-27T03:29:51',
                                            '2024-03-26T08:59:33',
                                            '2024-03-25T05:56:57',
                                            '2024-03-24T10:32:12',
                                            '2024-03-23T17:21:51',
                                            '2024-03-22T18:29:50',
                                            '2024-03-21T03:36:40',
                                            '2024-03-20T21:14:18',
                                            '2024-03-19T16:28:09',
                                            '2024-03-18T04:34:41'
                                          ],
                                 'volume' => [
                                               432461,
                                               772583,
                                               487298,
                                               551084,
                                               798238,
                                               1295050,
                                               188425,
                                               901605,
                                               1083986,
                                               1027172
                                             ],
                                 'daily' => [
                                              3036,
                                              2985,
                                              2996,
                                              2924,
                                              2843,
                                              2788,
                                              2762,
                                              2762,
                                              2684,
                                              2628
                                            ],
                                 'ts' => [
                                           '2024-03-27T00:00:00',
                                           '2024-03-26T00:00:00',
                                           '2024-03-25T00:00:00',
                                           '2024-03-24T00:00:00',
                                           '2024-03-23T00:00:00',
                                           '2024-03-22T00:00:00',
                                           '2024-03-21T00:00:00',
                                           '2024-03-20T00:00:00',
                                           '2024-03-19T00:00:00',
                                           '2024-03-18T00:00:00'
                                         ]
                               },
          'Potion flask' => {
                              'vts' => [
                                         '2024-03-27T03:29:51',
                                         '2024-03-26T08:59:33',
                                         '2024-03-25T05:56:57',
                                         '2024-03-24T10:32:12',
                                         '2024-03-23T17:21:51',
                                         '2024-03-22T18:29:50',
                                         '2024-03-21T03:36:40',
                                         '2024-03-20T21:14:18',
                                         '2024-03-19T16:28:09',
                                         '2024-03-18T04:34:41'
                                       ],
                              'average' => [
                                             15971,
                                             15924,
                                             15870,
                                             15819,
                                             15764,
                                             15702,
                                             15633,
                                             15566,
                                             15492,
                                             15417
                                           ],
                              'members' => 'true',
                              'id' => 23191,
                              'volume' => [
                                            120465,
                                            206212,
                                            214441,
                                            210575,
                                            200367,
                                            348447,
                                            61370,
                                            244007,
                                            330536,
                                            291903
                                          ],
                              'daily' => [
                                           16475,
                                           16506,
                                           16301,
                                           16249,
                                           16237,
                                           16330,
                                           16046,
                                           16046,
                                           16021,
                                           15784
                                         ],
                              'ts' => [
                                        '2024-03-27T00:00:00',
                                        '2024-03-26T00:00:00',
                                        '2024-03-25T00:00:00',
                                        '2024-03-24T00:00:00',
                                        '2024-03-23T00:00:00',
                                        '2024-03-22T00:00:00',
                                        '2024-03-21T00:00:00',
                                        '2024-03-20T00:00:00',
                                        '2024-03-19T00:00:00',
                                        '2024-03-18T00:00:00'
                                      ]
                            },
          'Rune bar' => {
                          'ts' => [
                                    '2024-03-27T00:00:00',
                                    '2024-03-26T00:00:00',
                                    '2024-03-25T00:00:00',
                                    '2024-03-24T00:00:00',
                                    '2024-03-23T00:00:00',
                                    '2024-03-22T00:00:00',
                                    '2024-03-21T00:00:00',
                                    '2024-03-20T00:00:00',
                                    '2024-03-19T00:00:00',
                                    '2024-03-18T00:00:00'
                                  ],
                          'daily' => [
                                       5516,
                                       5494,
                                       5589,
                                       5643,
                                       5561,
                                       5571,
                                       5464,
                                       5464,
                                       5384,
                                       5215
                                     ],
                          'volume' => [
                                        502995,
                                        958539,
                                        929127,
                                        525625,
                                        741523,
                                        1016274,
                                        201081,
                                        873396,
                                        892687,
                                        1049677
                                      ],
                          'id' => 2363,
                          'members' => 'false',
                          'average' => [
                                         5450,
                                         5449,
                                         5449,
                                         5442,
                                         5432,
                                         5428,
                                         5423,
                                         5427,
                                         5434,
                                         5448
                                       ],
                          'vts' => [
                                     '2024-03-27T03:29:51',
                                     '2024-03-26T08:59:33',
                                     '2024-03-25T05:56:57',
                                     '2024-03-24T10:32:12',
                                     '2024-03-23T17:21:51',
                                     '2024-03-22T18:29:50',
                                     '2024-03-21T03:36:40',
                                     '2024-03-20T21:14:18',
                                     '2024-03-19T16:28:09',
                                     '2024-03-18T04:34:41'
                                   ]
                        },
          'Poison slime' => {
                              'volume' => [
                                            91799,
                                            107051,
                                            80326,
                                            77564,
                                            133758,
                                            199105,
                                            38597,
                                            141300,
                                            168579,
                                            154300
                                          ],
                              'daily' => [
                                           153,
                                           153,
                                           153,
                                           152,
                                           152,
                                           152,
                                           150,
                                           150,
                                           150,
                                           150
                                         ],
                              'ts' => [
                                        '2024-03-27T00:00:00',
                                        '2024-03-26T00:00:00',
                                        '2024-03-25T00:00:00',
                                        '2024-03-24T00:00:00',
                                        '2024-03-23T00:00:00',
                                        '2024-03-22T00:00:00',
                                        '2024-03-21T00:00:00',
                                        '2024-03-20T00:00:00',
                                        '2024-03-19T00:00:00',
                                        '2024-03-18T00:00:00'
                                      ],
                              'vts' => [
                                         '2024-03-27T03:29:51',
                                         '2024-03-26T08:59:33',
                                         '2024-03-25T05:56:57',
                                         '2024-03-24T10:32:12',
                                         '2024-03-23T17:21:51',
                                         '2024-03-22T18:29:50',
                                         '2024-03-21T03:36:40',
                                         '2024-03-20T21:14:18',
                                         '2024-03-19T16:28:09',
                                         '2024-03-18T04:34:41'
                                       ],
                              'members' => 'true',
                              'id' => 48921,
                              'average' => [
                                             152,
                                             153,
                                             153,
                                             154,
                                             154,
                                             155,
                                             156,
                                             156,
                                             157,
                                             158
                                           ]
                            },
          'Primal extract' => {
                                'vts' => [
                                           '2024-03-27T03:29:51',
                                           '2024-03-26T08:59:33',
                                           '2024-03-25T05:56:57',
                                           '2024-03-24T10:32:12',
                                           '2024-03-23T17:21:51',
                                           '2024-03-22T18:29:50',
                                           '2024-03-21T03:36:40',
                                           '2024-03-20T21:14:18',
                                           '2024-03-19T16:28:09',
                                           '2024-03-18T04:34:41'
                                         ],
                                'id' => 48962,
                                'members' => 'true',
                                'average' => [
                                               827,
                                               830,
                                               832,
                                               836,
                                               841,
                                               846,
                                               852,
                                               858,
                                               865,
                                               872
                                             ],
                                'ts' => [
                                          '2024-03-27T00:00:00',
                                          '2024-03-26T00:00:00',
                                          '2024-03-25T00:00:00',
                                          '2024-03-24T00:00:00',
                                          '2024-03-23T00:00:00',
                                          '2024-03-22T00:00:00',
                                          '2024-03-21T00:00:00',
                                          '2024-03-20T00:00:00',
                                          '2024-03-19T00:00:00',
                                          '2024-03-18T00:00:00'
                                        ],
                                'volume' => [
                                              712308,
                                              950139,
                                              703086,
                                              493590,
                                              614444,
                                              1890375,
                                              222141,
                                              1069747,
                                              1271935,
                                              1424519
                                            ],
                                'daily' => [
                                             832,
                                             825,
                                             825,
                                             800,
                                             800,
                                             793,
                                             793,
                                             793,
                                             790,
                                             790
                                           ]
                              },
          'Elder rune bar' => {
                                'id' => 44844,
                                'members' => 'true',
                                'average' => [
                                               15173,
                                               15173,
                                               15181,
                                               15187,
                                               15193,
                                               15202,
                                               15236,
                                               15270,
                                               15307,
                                               15358
                                             ],
                                'vts' => [
                                           '2024-03-27T03:29:51',
                                           '2024-03-26T08:59:33',
                                           '2024-03-25T05:56:57',
                                           '2024-03-24T10:32:12',
                                           '2024-03-23T17:21:51',
                                           '2024-03-22T18:29:50',
                                           '2024-03-21T03:36:40',
                                           '2024-03-20T21:14:18',
                                           '2024-03-19T16:28:09',
                                           '2024-03-18T04:34:41'
                                         ],
                                'ts' => [
                                          '2024-03-27T00:00:00',
                                          '2024-03-26T00:00:00',
                                          '2024-03-25T00:00:00',
                                          '2024-03-24T00:00:00',
                                          '2024-03-23T00:00:00',
                                          '2024-03-22T00:00:00',
                                          '2024-03-21T00:00:00',
                                          '2024-03-20T00:00:00',
                                          '2024-03-19T00:00:00',
                                          '2024-03-18T00:00:00'
                                        ],
                                'volume' => [
                                              369716,
                                              540493,
                                              400592,
                                              423656,
                                              489355,
                                              820822,
                                              165887,
                                              561377,
                                              599639,
                                              769992
                                            ],
                                'daily' => [
                                             15439,
                                             15439,
                                             15648,
                                             15648,
                                             15648,
                                             15301,
                                             15301,
                                             15301,
                                             15190,
                                             15190
                                           ]
                              },
          'Bloodweed potion (unf)' => {
                                        'vts' => [
                                                   '2024-03-27T03:29:51',
                                                   '2024-03-26T08:59:33',
                                                   '2024-03-25T05:56:57',
                                                   '2024-03-24T10:32:12',
                                                   '2024-03-23T17:21:51',
                                                   '2024-03-22T18:29:50',
                                                   '2024-03-21T03:36:40',
                                                   '2024-03-20T21:14:18',
                                                   '2024-03-19T16:28:09',
                                                   '2024-03-18T04:34:41'
                                                 ],
                                        'average' => [
                                                       15874,
                                                       15924,
                                                       15974,
                                                       16023,
                                                       16056,
                                                       16089,
                                                       16121,
                                                       16154,
                                                       16209,
                                                       16263
                                                     ],
                                        'id' => 37973,
                                        'members' => 'true',
                                        'ts' => [
                                                  '2024-03-27T00:00:00',
                                                  '2024-03-26T00:00:00',
                                                  '2024-03-25T00:00:00',
                                                  '2024-03-24T00:00:00',
                                                  '2024-03-23T00:00:00',
                                                  '2024-03-22T00:00:00',
                                                  '2024-03-21T00:00:00',
                                                  '2024-03-20T00:00:00',
                                                  '2024-03-19T00:00:00',
                                                  '2024-03-18T00:00:00'
                                                ],
                                        'daily' => [
                                                     15157,
                                                     15157,
                                                     15157,
                                                     15672,
                                                     15672,
                                                     15672,
                                                     15672,
                                                     15672,
                                                     15672,
                                                     15672
                                                   ],
                                        'volume' => [
                                                      60513,
                                                      73328,
                                                      69744,
                                                      20760,
                                                      30249,
                                                      64769,
                                                      10228,
                                                      59101,
                                                      52759,
                                                      40148
                                                    ]
                                      },
          'Weapon poison+++ flask (6)' => {
                                            'average' => [
                                                           65861,
                                                           66025,
                                                           66189,
                                                           66364,
                                                           66558,
                                                           66752,
                                                           66939,
                                                           67125,
                                                           67400,
                                                           67649
                                                         ],
                                            'id' => 48626,
                                            'members' => 'true',
                                            'vts' => [
                                                       '2024-03-27T03:29:51',
                                                       '2024-03-26T08:59:33',
                                                       '2024-03-25T05:56:57',
                                                       '2024-03-24T10:32:12',
                                                       '2024-03-23T17:21:51',
                                                       '2024-03-22T18:29:50',
                                                       '2024-03-21T03:36:40',
                                                       '2024-03-20T21:14:18',
                                                       '2024-03-19T16:28:09',
                                                       '2024-03-18T04:34:41'
                                                     ],
                                            'ts' => [
                                                      '2024-03-27T00:00:00',
                                                      '2024-03-26T00:00:00',
                                                      '2024-03-25T00:00:00',
                                                      '2024-03-24T00:00:00',
                                                      '2024-03-23T00:00:00',
                                                      '2024-03-22T00:00:00',
                                                      '2024-03-21T00:00:00',
                                                      '2024-03-20T00:00:00',
                                                      '2024-03-19T00:00:00',
                                                      '2024-03-18T00:00:00'
                                                    ],
                                            'daily' => [
                                                         63949,
                                                         63949,
                                                         63608,
                                                         63608,
                                                         63608,
                                                         63837,
                                                         63837,
                                                         63837,
                                                         64596,
                                                         64596
                                                       ],
                                            'volume' => [
                                                          7774,
                                                          11012,
                                                          9951,
                                                          9382,
                                                          9488,
                                                          11300,
                                                          1954,
                                                          16374,
                                                          10717,
                                                          10951
                                                        ]
                                          },
          'Aggression potion (4)' => {
                                       'vts' => [
                                                  '2024-03-27T03:29:51',
                                                  '2024-03-26T08:59:33',
                                                  '2024-03-25T05:56:57',
                                                  '2024-03-24T10:32:12',
                                                  '2024-03-23T17:21:51',
                                                  '2024-03-22T18:29:50',
                                                  '2024-03-21T03:36:40',
                                                  '2024-03-20T21:14:18',
                                                  '2024-03-19T16:28:09',
                                                  '2024-03-18T04:34:41'
                                                ],
                                       'average' => [
                                                      86565,
                                                      86750,
                                                      86931,
                                                      87058,
                                                      87145,
                                                      87233,
                                                      87236,
                                                      87240,
                                                      87197,
                                                      87053
                                                    ],
                                       'members' => 'true',
                                       'id' => 37971,
                                       'volume' => [
                                                     22722,
                                                     34390,
                                                     32403,
                                                     30359,
                                                     38465,
                                                     68943,
                                                     8784,
                                                     34383,
                                                     46791,
                                                     43485
                                                   ],
                                       'daily' => [
                                                    81240,
                                                    81240,
                                                    82848,
                                                    82848,
                                                    82848,
                                                    83384,
                                                    83384,
                                                    83384,
                                                    86410,
                                                    86410
                                                  ],
                                       'ts' => [
                                                 '2024-03-27T00:00:00',
                                                 '2024-03-26T00:00:00',
                                                 '2024-03-25T00:00:00',
                                                 '2024-03-24T00:00:00',
                                                 '2024-03-23T00:00:00',
                                                 '2024-03-22T00:00:00',
                                                 '2024-03-21T00:00:00',
                                                 '2024-03-20T00:00:00',
                                                 '2024-03-19T00:00:00',
                                                 '2024-03-18T00:00:00'
                                               ]
                                     },
          'Weapon poison+++ (4)' => {
                                      'daily' => [
                                                   36414,
                                                   36414,
                                                   36414,
                                                   36414,
                                                   36414,
                                                   36414,
                                                   38228,
                                                   38228,
                                                   38228,
                                                   38228
                                                 ],
                                      'volume' => [
                                                    16751,
                                                    9812,
                                                    9798,
                                                    8909,
                                                    12302,
                                                    21528,
                                                    6398,
                                                    11303,
                                                    18974,
                                                    17372
                                                  ],
                                      'ts' => [
                                                '2024-03-27T00:00:00',
                                                '2024-03-26T00:00:00',
                                                '2024-03-25T00:00:00',
                                                '2024-03-24T00:00:00',
                                                '2024-03-23T00:00:00',
                                                '2024-03-22T00:00:00',
                                                '2024-03-21T00:00:00',
                                                '2024-03-20T00:00:00',
                                                '2024-03-19T00:00:00',
                                                '2024-03-18T00:00:00'
                                              ],
                                      'average' => [
                                                     37541,
                                                     37573,
                                                     37613,
                                                     37654,
                                                     37694,
                                                     37734,
                                                     37774,
                                                     37754,
                                                     37734,
                                                     37745
                                                   ],
                                      'members' => 'true',
                                      'id' => 49115,
                                      'vts' => [
                                                 '2024-03-27T03:29:51',
                                                 '2024-03-26T08:59:33',
                                                 '2024-03-25T05:56:57',
                                                 '2024-03-24T10:32:12',
                                                 '2024-03-23T17:21:51',
                                                 '2024-03-22T18:29:50',
                                                 '2024-03-21T03:36:40',
                                                 '2024-03-20T21:14:18',
                                                 '2024-03-19T16:28:09',
                                                 '2024-03-18T04:34:41'
                                               ]
                                    },
          'Weapon poison++ (3)' => {
                                     'ts' => [
                                               '2024-03-27T00:00:00',
                                               '2024-03-26T00:00:00',
                                               '2024-03-25T00:00:00',
                                               '2024-03-24T00:00:00',
                                               '2024-03-23T00:00:00',
                                               '2024-03-22T00:00:00',
                                               '2024-03-21T00:00:00',
                                               '2024-03-20T00:00:00',
                                               '2024-03-19T00:00:00',
                                               '2024-03-18T00:00:00'
                                             ],
                                     'volume' => [
                                                   16824,
                                                   23800,
                                                   17261,
                                                   19992,
                                                   14783,
                                                   9950,
                                                   7570,
                                                   23316,
                                                   23073,
                                                   27404
                                                 ],
                                     'daily' => [
                                                  27658,
                                                  27658,
                                                  27658,
                                                  27658,
                                                  27658,
                                                  27658,
                                                  27864,
                                                  27864,
                                                  27864,
                                                  27864
                                                ],
                                     'average' => [
                                                    28006,
                                                    28053,
                                                    28100,
                                                    28146,
                                                    28193,
                                                    28226,
                                                    28259,
                                                    28286,
                                                    28312,
                                                    28338
                                                  ],
                                     'id' => 25503,
                                     'members' => 'true',
                                     'vts' => [
                                                '2024-03-27T03:29:51',
                                                '2024-03-26T08:59:33',
                                                '2024-03-25T05:56:57',
                                                '2024-03-24T10:32:12',
                                                '2024-03-23T17:21:51',
                                                '2024-03-22T18:29:50',
                                                '2024-03-21T03:36:40',
                                                '2024-03-20T21:14:18',
                                                '2024-03-19T16:28:09',
                                                '2024-03-18T04:34:41'
                                              ]
                                   },
          'Extreme necromancy (4)' => {
                                        'vts' => [
                                                   '2024-03-27T03:29:51',
                                                   '2024-03-26T08:59:33',
                                                   '2024-03-25T05:56:57',
                                                   '2024-03-24T10:32:12',
                                                   '2024-03-23T17:21:51',
                                                   '2024-03-22T18:29:50',
                                                   '2024-03-21T03:36:40',
                                                   '2024-03-20T21:14:18',
                                                   '2024-03-19T16:28:09',
                                                   '2024-03-18T04:34:41'
                                                 ],
                                        'average' => [
                                                       35687,
                                                       35921,
                                                       36221,
                                                       36577,
                                                       36934,
                                                       37327,
                                                       37721,
                                                       38097,
                                                       38474,
                                                       38848
                                                     ],
                                        'id' => 55324,
                                        'members' => 'true',
                                        'ts' => [
                                                  '2024-03-27T00:00:00',
                                                  '2024-03-26T00:00:00',
                                                  '2024-03-25T00:00:00',
                                                  '2024-03-24T00:00:00',
                                                  '2024-03-23T00:00:00',
                                                  '2024-03-22T00:00:00',
                                                  '2024-03-21T00:00:00',
                                                  '2024-03-20T00:00:00',
                                                  '2024-03-19T00:00:00',
                                                  '2024-03-18T00:00:00'
                                                ],
                                        'daily' => [
                                                     32455,
                                                     32455,
                                                     32770,
                                                     32770,
                                                     32770,
                                                     32770,
                                                     33180,
                                                     33180,
                                                     33180,
                                                     33180
                                                   ],
                                        'volume' => [
                                                      14117,
                                                      7169,
                                                      8821,
                                                      7142,
                                                      8616,
                                                      5150,
                                                      2246,
                                                      10947,
                                                      13720,
                                                      11811
                                                    ]
                                      },
          'Extreme necromancy (3)' => {
                                        'ts' => [
                                                  '2024-03-27T00:00:00',
                                                  '2024-03-26T00:00:00',
                                                  '2024-03-25T00:00:00',
                                                  '2024-03-24T00:00:00',
                                                  '2024-03-23T00:00:00',
                                                  '2024-03-22T00:00:00',
                                                  '2024-03-21T00:00:00',
                                                  '2024-03-20T00:00:00',
                                                  '2024-03-19T00:00:00',
                                                  '2024-03-18T00:00:00'
                                                ],
                                        'daily' => [
                                                     22978,
                                                     24097,
                                                     24097,
                                                     24097,
                                                     25207,
                                                     25207,
                                                     25207,
                                                     25512,
                                                     25512,
                                                     25512
                                                   ],
                                        'volume' => [
                                                      47025,
                                                      141335,
                                                      107133,
                                                      84363,
                                                      82273,
                                                      82528,
                                                      18332,
                                                      57306,
                                                      110933,
                                                      82035
                                                    ],
                                        'vts' => [
                                                   '2024-03-27T03:29:51',
                                                   '2024-03-26T08:59:33',
                                                   '2024-03-25T05:56:57',
                                                   '2024-03-24T10:32:12',
                                                   '2024-03-23T17:21:51',
                                                   '2024-03-22T18:29:50',
                                                   '2024-03-21T03:36:40',
                                                   '2024-03-20T21:14:18',
                                                   '2024-03-19T16:28:09',
                                                   '2024-03-18T04:34:41'
                                                 ],
                                        'average' => [
                                                       27175,
                                                       27400,
                                                       27610,
                                                       27868,
                                                       28126,
                                                       28373,
                                                       28638,
                                                       28903,
                                                       29166,
                                                       29448
                                                     ],
                                        'id' => 55326,
                                        'members' => 'true'
                                      },
          'Aggression flask (6)' => {
                                      'volume' => [
                                                    25329,
                                                    34330,
                                                    33667,
                                                    28078,
                                                    28971,
                                                    106884,
                                                    5926,
                                                    32538,
                                                    57429,
                                                    36674
                                                  ],
                                      'daily' => [
                                                   136852,
                                                   136769,
                                                   137629,
                                                   137543,
                                                   138522,
                                                   138679,
                                                   139873,
                                                   139873,
                                                   140797,
                                                   140565
                                                 ],
                                      'ts' => [
                                                '2024-03-27T00:00:00',
                                                '2024-03-26T00:00:00',
                                                '2024-03-25T00:00:00',
                                                '2024-03-24T00:00:00',
                                                '2024-03-23T00:00:00',
                                                '2024-03-22T00:00:00',
                                                '2024-03-21T00:00:00',
                                                '2024-03-20T00:00:00',
                                                '2024-03-19T00:00:00',
                                                '2024-03-18T00:00:00'
                                              ],
                                      'vts' => [
                                                 '2024-03-27T03:29:51',
                                                 '2024-03-26T08:59:33',
                                                 '2024-03-25T05:56:57',
                                                 '2024-03-24T10:32:12',
                                                 '2024-03-23T17:21:51',
                                                 '2024-03-22T18:29:50',
                                                 '2024-03-21T03:36:40',
                                                 '2024-03-20T21:14:18',
                                                 '2024-03-19T16:28:09',
                                                 '2024-03-18T04:34:41'
                                               ],
                                      'average' => [
                                                     142880,
                                                     143376,
                                                     143901,
                                                     144533,
                                                     145045,
                                                     145282,
                                                     145344,
                                                     145389,
                                                     145431,
                                                     145478
                                                   ],
                                      'members' => 'true',
                                      'id' => 37939
                                    }
        };
